running develop
running egg_info
creating go_kart_controller.egg-info
writing go_kart_controller.egg-info/PKG-INFO
writing dependency_links to go_kart_controller.egg-info/dependency_links.txt
writing entry points to go_kart_controller.egg-info/entry_points.txt
writing requirements to go_kart_controller.egg-info/requires.txt
writing top-level names to go_kart_controller.egg-info/top_level.txt
writing manifest file 'go_kart_controller.egg-info/SOURCES.txt'
reading manifest file 'go_kart_controller.egg-info/SOURCES.txt'
writing manifest file 'go_kart_controller.egg-info/SOURCES.txt'
running build_ext
Creating /home/ben/rob-ws/install/go_kart_controller/lib/python3.10/site-packages/go-kart-controller.egg-link (link to .)
Installing display_node script to /home/ben/rob-ws/install/go_kart_controller/lib/go_kart_controller
Installing udp_forwarder_node script to /home/ben/rob-ws/install/go_kart_controller/lib/go_kart_controller

Installed /home/ben/rob-ws/build/go_kart_controller
running symlink_data
creating /home/ben/rob-ws/install/go_kart_controller/share/ament_index
creating /home/ben/rob-ws/install/go_kart_controller/share/ament_index/resource_index
creating /home/ben/rob-ws/install/go_kart_controller/share/ament_index/resource_index/packages
symbolically linking /home/ben/rob-ws/build/go_kart_controller/resource/go_kart_controller -> /home/ben/rob-ws/install/go_kart_controller/share/ament_index/resource_index/packages
symbolically linking /home/ben/rob-ws/build/go_kart_controller/package.xml -> /home/ben/rob-ws/install/go_kart_controller/share/go_kart_controller
creating /home/ben/rob-ws/install/go_kart_controller/share/go_kart_controller/launch
symbolically linking /home/ben/rob-ws/build/go_kart_controller/launch/go_kart.launch.py -> /home/ben/rob-ws/install/go_kart_controller/share/go_kart_controller/launch
