[0.065s] DEBUG:colcon:Command line arguments: ['/usr/bin/colcon', 'list', '-p', '--base-paths', '/home/ben/Desktop/rob-ws']
[0.065s] DEBUG:colcon:Parsed command line arguments: Namespace(log_base=None, log_level=None, verb_name='list', build_base='build', ignore_user_meta=False, metas=['./colcon.meta'], base_paths=['/home/ben/Desktop/rob-ws'], packages_ignore=None, packages_ignore_regex=None, paths=None, packages_up_to=None, packages_up_to_regex=None, packages_above=None, packages_above_and_dependencies=None, packages_above_depth=None, packages_select_by_dep=None, packages_skip_by_dep=None, packages_skip_up_to=None, packages_select_build_failed=False, packages_skip_build_finished=False, packages_select_test_failures=False, packages_skip_test_passed=False, packages_select=None, packages_skip=None, packages_select_regex=None, packages_skip_regex=None, packages_start=None, packages_end=None, allow_overriding=[], topological_order=False, names_only=False, paths_only=True, topological_graph=False, topological_graph_dot=False, topological_graph_density=False, topological_graph_legend=False, topological_graph_dot_cluster=False, topological_graph_dot_include_skipped=False, verb_parser=<colcon_defaults.argument_parser.defaults.DefaultArgumentsDecorator object at 0x709a3ba708b0>, verb_extension=<colcon_package_information.verb.list.ListVerb object at 0x709a3ba33d00>, main=<bound method ListVerb.main of <colcon_package_information.verb.list.ListVerb object at 0x709a3ba33d00>>)
[0.157s] Level 1:colcon.colcon_core.package_discovery:discover_packages(colcon_meta) check parameters
[0.157s] Level 1:colcon.colcon_core.package_discovery:discover_packages(recursive) check parameters
[0.157s] Level 1:colcon.colcon_core.package_discovery:discover_packages(ignore) check parameters
[0.157s] Level 1:colcon.colcon_core.package_discovery:discover_packages(path) check parameters
[0.157s] Level 1:colcon.colcon_core.package_discovery:discover_packages(recursive) discover
[0.157s] INFO:colcon.colcon_core.package_discovery:Crawling recursively for packages in '/home/ben/Desktop/rob-ws'
[0.157s] Level 1:colcon.colcon_core.package_identification:_identify(/home/ben/Desktop/rob-ws) by extensions ['ignore', 'ignore_ament_install']
[0.158s] Level 1:colcon.colcon_core.package_identification:_identify(/home/ben/Desktop/rob-ws) by extension 'ignore'
[0.158s] Level 1:colcon.colcon_core.package_identification:_identify(/home/ben/Desktop/rob-ws) by extension 'ignore_ament_install'
[0.158s] Level 1:colcon.colcon_core.package_identification:_identify(/home/ben/Desktop/rob-ws) by extensions ['colcon_pkg']
[0.158s] Level 1:colcon.colcon_core.package_identification:_identify(/home/ben/Desktop/rob-ws) by extension 'colcon_pkg'
[0.158s] Level 1:colcon.colcon_core.package_identification:_identify(/home/ben/Desktop/rob-ws) by extensions ['colcon_meta']
[0.158s] Level 1:colcon.colcon_core.package_identification:_identify(/home/ben/Desktop/rob-ws) by extension 'colcon_meta'
[0.158s] Level 1:colcon.colcon_core.package_identification:_identify(/home/ben/Desktop/rob-ws) by extensions ['ros']
[0.158s] Level 1:colcon.colcon_core.package_identification:_identify(/home/ben/Desktop/rob-ws) by extension 'ros'
[0.166s] Level 1:colcon.colcon_core.package_identification:_identify(/home/ben/Desktop/rob-ws) by extensions ['cmake', 'python']
[0.166s] Level 1:colcon.colcon_core.package_identification:_identify(/home/ben/Desktop/rob-ws) by extension 'cmake'
[0.166s] Level 1:colcon.colcon_core.package_identification:_identify(/home/ben/Desktop/rob-ws) by extension 'python'
[0.166s] Level 1:colcon.colcon_core.package_identification:_identify(/home/ben/Desktop/rob-ws) by extensions ['python_setup_py']
[0.166s] Level 1:colcon.colcon_core.package_identification:_identify(/home/ben/Desktop/rob-ws) by extension 'python_setup_py'
[0.166s] Level 1:colcon.colcon_core.package_identification:_identify(/home/ben/Desktop/rob-ws/build) by extensions ['ignore', 'ignore_ament_install']
[0.166s] Level 1:colcon.colcon_core.package_identification:_identify(/home/ben/Desktop/rob-ws/build) by extension 'ignore'
[0.166s] Level 1:colcon.colcon_core.package_identification:_identify(/home/ben/Desktop/rob-ws/build) ignored
[0.166s] Level 1:colcon.colcon_core.package_identification:_identify(/home/ben/Desktop/rob-ws/install) by extensions ['ignore', 'ignore_ament_install']
[0.166s] Level 1:colcon.colcon_core.package_identification:_identify(/home/ben/Desktop/rob-ws/install) by extension 'ignore'
[0.166s] Level 1:colcon.colcon_core.package_identification:_identify(/home/ben/Desktop/rob-ws/install) ignored
[0.166s] Level 1:colcon.colcon_core.package_identification:_identify(/home/ben/Desktop/rob-ws/log) by extensions ['ignore', 'ignore_ament_install']
[0.166s] Level 1:colcon.colcon_core.package_identification:_identify(/home/ben/Desktop/rob-ws/log) by extension 'ignore'
[0.166s] Level 1:colcon.colcon_core.package_identification:_identify(/home/ben/Desktop/rob-ws/log) ignored
[0.166s] Level 1:colcon.colcon_core.package_identification:_identify(/home/ben/Desktop/rob-ws/src) by extensions ['ignore', 'ignore_ament_install']
[0.166s] Level 1:colcon.colcon_core.package_identification:_identify(/home/ben/Desktop/rob-ws/src) by extension 'ignore'
[0.166s] Level 1:colcon.colcon_core.package_identification:_identify(/home/ben/Desktop/rob-ws/src) by extension 'ignore_ament_install'
[0.166s] Level 1:colcon.colcon_core.package_identification:_identify(/home/ben/Desktop/rob-ws/src) by extensions ['colcon_pkg']
[0.166s] Level 1:colcon.colcon_core.package_identification:_identify(/home/ben/Desktop/rob-ws/src) by extension 'colcon_pkg'
[0.167s] Level 1:colcon.colcon_core.package_identification:_identify(/home/ben/Desktop/rob-ws/src) by extensions ['colcon_meta']
[0.167s] Level 1:colcon.colcon_core.package_identification:_identify(/home/ben/Desktop/rob-ws/src) by extension 'colcon_meta'
[0.167s] Level 1:colcon.colcon_core.package_identification:_identify(/home/ben/Desktop/rob-ws/src) by extensions ['ros']
[0.167s] Level 1:colcon.colcon_core.package_identification:_identify(/home/ben/Desktop/rob-ws/src) by extension 'ros'
[0.167s] Level 1:colcon.colcon_core.package_identification:_identify(/home/ben/Desktop/rob-ws/src) by extensions ['cmake', 'python']
[0.167s] Level 1:colcon.colcon_core.package_identification:_identify(/home/ben/Desktop/rob-ws/src) by extension 'cmake'
[0.167s] Level 1:colcon.colcon_core.package_identification:_identify(/home/ben/Desktop/rob-ws/src) by extension 'python'
[0.167s] Level 1:colcon.colcon_core.package_identification:_identify(/home/ben/Desktop/rob-ws/src) by extensions ['python_setup_py']
[0.167s] Level 1:colcon.colcon_core.package_identification:_identify(/home/ben/Desktop/rob-ws/src) by extension 'python_setup_py'
[0.167s] Level 1:colcon.colcon_core.package_identification:_identify(/home/ben/Desktop/rob-ws/src/go_kart_controller) by extensions ['ignore', 'ignore_ament_install']
[0.167s] Level 1:colcon.colcon_core.package_identification:_identify(/home/ben/Desktop/rob-ws/src/go_kart_controller) by extension 'ignore'
[0.167s] Level 1:colcon.colcon_core.package_identification:_identify(/home/ben/Desktop/rob-ws/src/go_kart_controller) by extension 'ignore_ament_install'
[0.167s] Level 1:colcon.colcon_core.package_identification:_identify(/home/ben/Desktop/rob-ws/src/go_kart_controller) by extensions ['colcon_pkg']
[0.167s] Level 1:colcon.colcon_core.package_identification:_identify(/home/ben/Desktop/rob-ws/src/go_kart_controller) by extension 'colcon_pkg'
[0.167s] Level 1:colcon.colcon_core.package_identification:_identify(/home/ben/Desktop/rob-ws/src/go_kart_controller) by extensions ['colcon_meta']
[0.167s] Level 1:colcon.colcon_core.package_identification:_identify(/home/ben/Desktop/rob-ws/src/go_kart_controller) by extension 'colcon_meta'
[0.167s] Level 1:colcon.colcon_core.package_identification:_identify(/home/ben/Desktop/rob-ws/src/go_kart_controller) by extensions ['ros']
[0.167s] Level 1:colcon.colcon_core.package_identification:_identify(/home/ben/Desktop/rob-ws/src/go_kart_controller) by extension 'ros'
[0.169s] DEBUG:colcon.colcon_core.package_identification:Package '/home/ben/Desktop/rob-ws/src/go_kart_controller' with type 'ros.ament_python' and name 'go_kart_controller'
[0.169s] Level 1:colcon.colcon_core.package_discovery:discover_packages(recursive) using defaults
